INFO: [VRFC 10-2263] Analyzing Verilog file "/vol/Workspace/Projects/PL-Mag-Sensor/vivado/PL-Mag-Sensor/PL-Mag-Sensor.ip_user_files/bd/MagPingPongBuffers_inst_0/ip/MagPingPongBuffers_inst_0_mag_pingpong_buffer_0_0/sim/MagPingPongBuffers_inst_0_mag_pingpong_buffer_0_0.v" into library xil_defaultlib
INFO: [VRFC 10-311] analyzing module MagPingPongBuffers_inst_0_mag_pingpong_buffer_0_0
INFO: [VRFC 10-2263] Analyzing Verilog file "/vol/Workspace/Projects/PL-Mag-Sensor/vivado/PL-Mag-Sensor/PL-Mag-Sensor.ip_user_files/bd/MagPingPongBuffers_inst_0/ip/MagPingPongBuffers_inst_0_mag_pingpong_buffer_1_0/sim/MagPingPongBuffers_inst_0_mag_pingpong_buffer_1_0.v" into library xil_defaultlib
INFO: [VRFC 10-311] analyzing module MagPingPongBuffers_inst_0_mag_pingpong_buffer_1_0
INFO: [VRFC 10-2263] Analyzing Verilog file "/vol/Workspace/Projects/PL-Mag-Sensor/vivado/PL-Mag-Sensor/PL-Mag-Sensor.ip_user_files/bd/MagPingPongBuffers_inst_0/ip/MagPingPongBuffers_inst_0_mag_pingpong_buffer_10_0/sim/MagPingPongBuffers_inst_0_mag_pingpong_buffer_10_0.v" into library xil_defaultlib
INFO: [VRFC 10-311] analyzing module MagPingPongBuffers_inst_0_mag_pingpong_buffer_10_0
INFO: [VRFC 10-2263] Analyzing Verilog file "/vol/Workspace/Projects/PL-Mag-Sensor/vivado/PL-Mag-Sensor/PL-Mag-Sensor.ip_user_files/bd/MagPingPongBuffers_inst_0/ip/MagPingPongBuffers_inst_0_mag_pingpong_buffer_11_0/sim/MagPingPongBuffers_inst_0_mag_pingpong_buffer_11_0.v" into library xil_defaultlib
INFO: [VRFC 10-311] analyzing module MagPingPongBuffers_inst_0_mag_pingpong_buffer_11_0
INFO: [VRFC 10-2263] Analyzing Verilog file "/vol/Workspace/Projects/PL-Mag-Sensor/vivado/PL-Mag-Sensor/PL-Mag-Sensor.ip_user_files/bd/MagPingPongBuffers_inst_0/ip/MagPingPongBuffers_inst_0_mag_pingpong_buffer_2_0/sim/MagPingPongBuffers_inst_0_mag_pingpong_buffer_2_0.v" into library xil_defaultlib
INFO: [VRFC 10-311] analyzing module MagPingPongBuffers_inst_0_mag_pingpong_buffer_2_0
INFO: [VRFC 10-2263] Analyzing Verilog file "/vol/Workspace/Projects/PL-Mag-Sensor/vivado/PL-Mag-Sensor/PL-Mag-Sensor.ip_user_files/bd/MagPingPongBuffers_inst_0/ip/MagPingPongBuffers_inst_0_mag_pingpong_buffer_3_0/sim/MagPingPongBuffers_inst_0_mag_pingpong_buffer_3_0.v" into library xil_defaultlib
INFO: [VRFC 10-311] analyzing module MagPingPongBuffers_inst_0_mag_pingpong_buffer_3_0
INFO: [VRFC 10-2263] Analyzing Verilog file "/vol/Workspace/Projects/PL-Mag-Sensor/vivado/PL-Mag-Sensor/PL-Mag-Sensor.ip_user_files/bd/MagPingPongBuffers_inst_0/ip/MagPingPongBuffers_inst_0_mag_pingpong_buffer_4_0/sim/MagPingPongBuffers_inst_0_mag_pingpong_buffer_4_0.v" into library xil_defaultlib
INFO: [VRFC 10-311] analyzing module MagPingPongBuffers_inst_0_mag_pingpong_buffer_4_0
INFO: [VRFC 10-2263] Analyzing Verilog file "/vol/Workspace/Projects/PL-Mag-Sensor/vivado/PL-Mag-Sensor/PL-Mag-Sensor.ip_user_files/bd/MagPingPongBuffers_inst_0/ip/MagPingPongBuffers_inst_0_mag_pingpong_buffer_5_0/sim/MagPingPongBuffers_inst_0_mag_pingpong_buffer_5_0.v" into library xil_defaultlib
INFO: [VRFC 10-311] analyzing module MagPingPongBuffers_inst_0_mag_pingpong_buffer_5_0
INFO: [VRFC 10-2263] Analyzing Verilog file "/vol/Workspace/Projects/PL-Mag-Sensor/vivado/PL-Mag-Sensor/PL-Mag-Sensor.ip_user_files/bd/MagPingPongBuffers_inst_0/ip/MagPingPongBuffers_inst_0_mag_pingpong_buffer_6_0/sim/MagPingPongBuffers_inst_0_mag_pingpong_buffer_6_0.v" into library xil_defaultlib
INFO: [VRFC 10-311] analyzing module MagPingPongBuffers_inst_0_mag_pingpong_buffer_6_0
INFO: [VRFC 10-2263] Analyzing Verilog file "/vol/Workspace/Projects/PL-Mag-Sensor/vivado/PL-Mag-Sensor/PL-Mag-Sensor.ip_user_files/bd/MagPingPongBuffers_inst_0/ip/MagPingPongBuffers_inst_0_mag_pingpong_buffer_7_0/sim/MagPingPongBuffers_inst_0_mag_pingpong_buffer_7_0.v" into library xil_defaultlib
INFO: [VRFC 10-311] analyzing module MagPingPongBuffers_inst_0_mag_pingpong_buffer_7_0
INFO: [VRFC 10-2263] Analyzing Verilog file "/vol/Workspace/Projects/PL-Mag-Sensor/vivado/PL-Mag-Sensor/PL-Mag-Sensor.ip_user_files/bd/MagPingPongBuffers_inst_0/ip/MagPingPongBuffers_inst_0_mag_pingpong_buffer_8_0/sim/MagPingPongBuffers_inst_0_mag_pingpong_buffer_8_0.v" into library xil_defaultlib
INFO: [VRFC 10-311] analyzing module MagPingPongBuffers_inst_0_mag_pingpong_buffer_8_0
INFO: [VRFC 10-2263] Analyzing Verilog file "/vol/Workspace/Projects/PL-Mag-Sensor/vivado/PL-Mag-Sensor/PL-Mag-Sensor.ip_user_files/bd/MagPingPongBuffers_inst_0/ip/MagPingPongBuffers_inst_0_mag_pingpong_buffer_9_0/sim/MagPingPongBuffers_inst_0_mag_pingpong_buffer_9_0.v" into library xil_defaultlib
INFO: [VRFC 10-311] analyzing module MagPingPongBuffers_inst_0_mag_pingpong_buffer_9_0
INFO: [VRFC 10-2263] Analyzing Verilog file "/vol/Workspace/Projects/PL-Mag-Sensor/vivado/PL-Mag-Sensor/PL-Mag-Sensor.ip_user_files/bd/MagPingPongBuffers_inst_0/ip/MagPingPongBuffers_inst_0_wr_slice_0/sim/MagPingPongBuffers_inst_0_wr_slice_0.v" into library xil_defaultlib
INFO: [VRFC 10-311] analyzing module MagPingPongBuffers_inst_0_wr_slice_0
INFO: [VRFC 10-2263] Analyzing Verilog file "/vol/Workspace/Projects/PL-Mag-Sensor/vivado/PL-Mag-Sensor/PL-Mag-Sensor.ip_user_files/bd/MagPingPongBuffers_inst_0/ip/MagPingPongBuffers_inst_0_hold_slice_0/sim/MagPingPongBuffers_inst_0_hold_slice_0.v" into library xil_defaultlib
INFO: [VRFC 10-311] analyzing module MagPingPongBuffers_inst_0_hold_slice_0
INFO: [VRFC 10-2263] Analyzing Verilog file "/vol/Workspace/Projects/PL-Mag-Sensor/vivado/PL-Mag-Sensor/PL-Mag-Sensor.ip_user_files/bd/MagPingPongBuffers_inst_0/ip/MagPingPongBuffers_inst_0_shift_slice_0/sim/MagPingPongBuffers_inst_0_shift_slice_0.v" into library xil_defaultlib
INFO: [VRFC 10-311] analyzing module MagPingPongBuffers_inst_0_shift_slice_0
INFO: [VRFC 10-2263] Analyzing Verilog file "/vol/Workspace/Projects/PL-Mag-Sensor/vivado/PL-Mag-Sensor/PL-Mag-Sensor.ip_user_files/bd/MagPingPongBuffers_inst_0/ip/MagPingPongBuffers_inst_0_rd_mux_0/sim/MagPingPongBuffers_inst_0_rd_mux_0.v" into library xil_defaultlib
INFO: [VRFC 10-311] analyzing module MagPingPongBuffers_inst_0_rd_mux_0
INFO: [VRFC 10-2263] Analyzing Verilog file "/vol/Workspace/Projects/PL-Mag-Sensor/vivado/PL-Mag-Sensor/PL-Mag-Sensor.ip_user_files/bd/MagPingPongBuffers_inst_0/ip/MagPingPongBuffers_inst_0_xlconstant_0_0/sim/MagPingPongBuffers_inst_0_xlconstant_0_0.v" into library xil_defaultlib
INFO: [VRFC 10-311] analyzing module MagPingPongBuffers_inst_0_xlconstant_0_0
INFO: [VRFC 10-2263] Analyzing Verilog file "/vol/Workspace/Projects/PL-Mag-Sensor/vivado/PL-Mag-Sensor/PL-Mag-Sensor.ip_user_files/bd/MagPingPongBuffers_inst_0/ip/MagPingPongBuffers_inst_0_busy_concat_0/sim/MagPingPongBuffers_inst_0_busy_concat_0.v" into library xil_defaultlib
INFO: [VRFC 10-311] analyzing module MagPingPongBuffers_inst_0_busy_concat_0
INFO: [VRFC 10-2263] Analyzing Verilog file "/vol/Workspace/Projects/PL-Mag-Sensor/vivado/PL-Mag-Sensor/PL-Mag-Sensor.ip_user_files/bd/MagPingPongBuffers_inst_0/ip/MagPingPongBuffers_inst_0_irq_concat_0/sim/MagPingPongBuffers_inst_0_irq_concat_0.v" into library xil_defaultlib
INFO: [VRFC 10-311] analyzing module MagPingPongBuffers_inst_0_irq_concat_0
INFO: [VRFC 10-2263] Analyzing Verilog file "/vol/Workspace/Projects/PL-Mag-Sensor/vivado/PL-Mag-Sensor/PL-Mag-Sensor.ip_user_files/bd/MagPingPongBuffers_inst_0/sim/MagPingPongBuffers_inst_0.v" into library xil_defaultlib
INFO: [VRFC 10-311] analyzing module MagPingPongBuffers_inst_0
INFO: [VRFC 10-2263] Analyzing Verilog file "/vol/Workspace/Projects/PL-Mag-Sensor/vivado/PL-Mag-Sensor/PL-Mag-Sensor.ip_user_files/bd/MagController/ip/MagController_spi_master_0_0/sim/MagController_spi_master_0_0.v" into library xil_defaultlib
INFO: [VRFC 10-311] analyzing module MagController_spi_master_0_0
INFO: [VRFC 10-2263] Analyzing Verilog file "/vol/Workspace/Projects/PL-Mag-Sensor/vivado/PL-Mag-Sensor/PL-Mag-Sensor.ip_user_files/bd/MagController/ip/MagController_xlslice_0_0/sim/MagController_xlslice_0_0.v" into library xil_defaultlib
INFO: [VRFC 10-311] analyzing module MagController_xlslice_0_0
INFO: [VRFC 10-2263] Analyzing Verilog file "/vol/Workspace/Projects/PL-Mag-Sensor/vivado/PL-Mag-Sensor/PL-Mag-Sensor.ip_user_files/bd/MagController/ip/MagController_xlconcat_0_0/sim/MagController_xlconcat_0_0.v" into library xil_defaultlib
INFO: [VRFC 10-311] analyzing module MagController_xlconcat_0_0
INFO: [VRFC 10-2263] Analyzing Verilog file "/vol/Workspace/Projects/PL-Mag-Sensor/vivado/PL-Mag-Sensor/PL-Mag-Sensor.ip_user_files/bd/MagController/ip/MagController_xlconcat_0_1/sim/MagController_xlconcat_0_1.v" into library xil_defaultlib
INFO: [VRFC 10-311] analyzing module MagController_xlconcat_0_1
INFO: [VRFC 10-2263] Analyzing Verilog file "/vol/Workspace/Projects/PL-Mag-Sensor/vivado/PL-Mag-Sensor/PL-Mag-Sensor.ip_user_files/bd/MagController/ip/MagController_UnD_slice_0_1/sim/MagController_UnD_slice_0_1.v" into library xil_defaultlib
INFO: [VRFC 10-311] analyzing module MagController_UnD_slice_0_1
INFO: [VRFC 10-2263] Analyzing Verilog file "/vol/Workspace/Projects/PL-Mag-Sensor/vivado/PL-Mag-Sensor/PL-Mag-Sensor.ip_user_files/bd/MagController/ip/MagController_UnD_slice_1_0/sim/MagController_UnD_slice_1_0.v" into library xil_defaultlib
INFO: [VRFC 10-311] analyzing module MagController_UnD_slice_1_0
INFO: [VRFC 10-2263] Analyzing Verilog file "/vol/Workspace/Projects/PL-Mag-Sensor/vivado/PL-Mag-Sensor/PL-Mag-Sensor.ip_user_files/bd/MagController/ip/MagController_UnD_slice_2_0/sim/MagController_UnD_slice_2_0.v" into library xil_defaultlib
INFO: [VRFC 10-311] analyzing module MagController_UnD_slice_2_0
INFO: [VRFC 10-2263] Analyzing Verilog file "/vol/Workspace/Projects/PL-Mag-Sensor/vivado/PL-Mag-Sensor/PL-Mag-Sensor.ip_user_files/bd/MagController/ip/MagController_nCS_slice_0_0/sim/MagController_nCS_slice_0_0.v" into library xil_defaultlib
INFO: [VRFC 10-311] analyzing module MagController_nCS_slice_0_0
INFO: [VRFC 10-2263] Analyzing Verilog file "/vol/Workspace/Projects/PL-Mag-Sensor/vivado/PL-Mag-Sensor/PL-Mag-Sensor.ip_user_files/bd/MagController/ip/MagController_nCS_slice_1_0/sim/MagController_nCS_slice_1_0.v" into library xil_defaultlib
INFO: [VRFC 10-311] analyzing module MagController_nCS_slice_1_0
INFO: [VRFC 10-2263] Analyzing Verilog file "/vol/Workspace/Projects/PL-Mag-Sensor/vivado/PL-Mag-Sensor/PL-Mag-Sensor.ip_user_files/bd/MagController/ip/MagController_nCS_slice_2_0/sim/MagController_nCS_slice_2_0.v" into library xil_defaultlib
INFO: [VRFC 10-311] analyzing module MagController_nCS_slice_2_0
INFO: [VRFC 10-2263] Analyzing Verilog file "/vol/Workspace/Projects/PL-Mag-Sensor/vivado/PL-Mag-Sensor/PL-Mag-Sensor.ip_user_files/bd/MagController/ip/MagController_UnD_slice_0_0/sim/MagController_UnD_slice_0_0.v" into library xil_defaultlib
INFO: [VRFC 10-311] analyzing module MagController_UnD_slice_0_0
INFO: [VRFC 10-2263] Analyzing Verilog file "/vol/Workspace/Projects/PL-Mag-Sensor/vivado/PL-Mag-Sensor/PL-Mag-Sensor.ip_user_files/bd/MagController/ip/MagController_UnD_slice_0_2/sim/MagController_UnD_slice_0_2.v" into library xil_defaultlib
INFO: [VRFC 10-311] analyzing module MagController_UnD_slice_0_2
INFO: [VRFC 10-2263] Analyzing Verilog file "/vol/Workspace/Projects/PL-Mag-Sensor/vivado/PL-Mag-Sensor/PL-Mag-Sensor.ip_user_files/bd/MagController/ip/MagController_gain_controller_0_0/sim/MagController_gain_controller_0_0.v" into library xil_defaultlib
INFO: [VRFC 10-311] analyzing module MagController_gain_controller_0_0
INFO: [VRFC 10-2263] Analyzing Verilog file "/vol/Workspace/Projects/PL-Mag-Sensor/vivado/PL-Mag-Sensor/PL-Mag-Sensor.ip_user_files/bd/MagController/ip/MagController_gain_controller_0_1/sim/MagController_gain_controller_0_1.v" into library xil_defaultlib
INFO: [VRFC 10-311] analyzing module MagController_gain_controller_0_1
INFO: [VRFC 10-2263] Analyzing Verilog file "/vol/Workspace/Projects/PL-Mag-Sensor/vivado/PL-Mag-Sensor/PL-Mag-Sensor.ip_user_files/bd/MagController/ip/MagController_gain_controller_1_0/sim/MagController_gain_controller_1_0.v" into library xil_defaultlib
INFO: [VRFC 10-311] analyzing module MagController_gain_controller_1_0
INFO: [VRFC 10-2263] Analyzing Verilog file "/vol/Workspace/Projects/PL-Mag-Sensor/vivado/PL-Mag-Sensor/PL-Mag-Sensor.ip_user_files/bd/MagController/ip/MagController_gain_controller_2_0/sim/MagController_gain_controller_2_0.v" into library xil_defaultlib
INFO: [VRFC 10-311] analyzing module MagController_gain_controller_2_0
INFO: [VRFC 10-2263] Analyzing Verilog file "/vol/Workspace/Projects/PL-Mag-Sensor/vivado/PL-Mag-Sensor/PL-Mag-Sensor.ip_user_files/bd/MagController/ip/MagController_ADC_controller_0_0/sim/MagController_ADC_controller_0_0.v" into library xil_defaultlib
INFO: [VRFC 10-311] analyzing module MagController_ADC_controller_0_0
INFO: [VRFC 10-2263] Analyzing Verilog file "/vol/Workspace/Projects/PL-Mag-Sensor/vivado/PL-Mag-Sensor/PL-Mag-Sensor.ip_user_files/bd/MagController/ip/MagController_buffer_controller_0_0/sim/MagController_buffer_controller_0_0.v" into library xil_defaultlib
INFO: [VRFC 10-311] analyzing module MagController_buffer_controller_0_0
INFO: [VRFC 10-2263] Analyzing Verilog file "/vol/Workspace/Projects/PL-Mag-Sensor/vivado/PL-Mag-Sensor/PL-Mag-Sensor.ip_user_files/bd/MagController/ip/MagController_counter_0_0/sim/MagController_counter_0_0.v" into library xil_defaultlib
INFO: [VRFC 10-311] analyzing module MagController_counter_0_0
INFO: [VRFC 10-2263] Analyzing Verilog file "/vol/Workspace/Projects/PL-Mag-Sensor/vivado/PL-Mag-Sensor/PL-Mag-Sensor.ip_user_files/bd/MagController/ip/MagController_sample_mag_interval_timer_0/sim/MagController_sample_mag_interval_timer_0.v" into library xil_defaultlib
INFO: [VRFC 10-311] analyzing module MagController_sample_mag_interval_timer_0
INFO: [VRFC 10-2263] Analyzing Verilog file "/vol/Workspace/Projects/PL-Mag-Sensor/vivado/PL-Mag-Sensor/PL-Mag-Sensor.ip_user_files/bd/MagController/sim/MagController.v" into library xil_defaultlib
INFO: [VRFC 10-311] analyzing module BufferFlowControl_imp_1NWYTY7
INFO: [VRFC 10-311] analyzing module GPIO_concat_imp_2SDCOB
INFO: [VRFC 10-311] analyzing module GPIO_slice_imp_1KP1NRS
INFO: [VRFC 10-311] analyzing module GainControl_imp_4C5IOH
INFO: [VRFC 10-311] analyzing module MagController
INFO: [VRFC 10-2263] Analyzing Verilog file "/vol/Workspace/Projects/PL-Mag-Sensor/vivado/PL-Mag-Sensor/PL-Mag-Sensor.gen/sources_1/bd/MagController/hdl/MagController_wrapper.v" into library xil_defaultlib
INFO: [VRFC 10-311] analyzing module MagController_wrapper
