

================================================================
== Vitis HLS Report for 'SineParamFinder'
================================================================
* Date:           Mon Feb 14 10:18:31 2022

* Version:        2020.2 (Build 3064766 on Wed Nov 18 09:12:47 MST 2020)
* Project:        SineParamFinder
* Solution:       SineParamFinder (Vivado IP Flow Target)
* Product family: zynquplus
* Target device:  xczu3eg-sbva484-1-i


================================================================
== Performance Estimates
================================================================
+ Timing: 
    * Summary: 
    +--------+----------+----------+------------+
    |  Clock |  Target  | Estimated| Uncertainty|
    +--------+----------+----------+------------+
    |ap_clk  |  10.00 ns|  3.329 ns|     2.70 ns|
    +--------+----------+----------+------------+

+ Latency: 
    * Summary: 
    +---------+---------+-----------+----------+-----+-------+---------+
    |  Latency (cycles) |  Latency (absolute)  |   Interval  | Pipeline|
    |   min   |   max   |    min    |    max   | min |  max  |   Type  |
    +---------+---------+-----------+----------+-----+-------+---------+
    |        2|    65537|  20.000 ns|  0.655 ms|    3|  65538|     none|
    +---------+---------+-----------+----------+-----+-------+---------+

    + Detail: 
        * Instance: 
        N/A

        * Loop: 
        +----------+---------+---------+----------+-----------+-----------+-----------+----------+
        |          |  Latency (cycles) | Iteration|  Initiation Interval  |    Trip   |          |
        | Loop Name|   min   |   max   |  Latency |  achieved |   target  |   Count   | Pipelined|
        +----------+---------+---------+----------+-----------+-----------+-----------+----------+
        |- loop    |        0|    65535|         2|          1|          1|  0 ~ 65535|       yes|
        +----------+---------+---------+----------+-----------+-----------+-----------+----------+



================================================================
== Utilization Estimates
================================================================
* Summary: 
+-----------------+---------+-----+--------+-------+-----+
|       Name      | BRAM_18K| DSP |   FF   |  LUT  | URAM|
+-----------------+---------+-----+--------+-------+-----+
|DSP              |        -|    -|       -|      -|    -|
|Expression       |        -|    -|       0|    191|    -|
|FIFO             |        -|    -|       -|      -|    -|
|Instance         |        -|    -|       -|      -|    -|
|Memory           |        -|    -|       -|      -|    -|
|Multiplexer      |        -|    -|       -|     70|    -|
|Register         |        -|    -|      66|      -|    -|
+-----------------+---------+-----+--------+-------+-----+
|Total            |        0|    0|      66|    261|    0|
+-----------------+---------+-----+--------+-------+-----+
|Available        |      432|  360|  141120|  70560|    0|
+-----------------+---------+-----+--------+-------+-----+
|Utilization (%)  |        0|    0|      ~0|     ~0|    0|
+-----------------+---------+-----+--------+-------+-----+

+ Detail: 
    * Instance: 
    N/A

    * DSP: 
    N/A

    * Memory: 
    N/A

    * FIFO: 
    N/A

    * Expression: 
    +-------------------------+----------+----+---+----+------------+------------+
    |      Variable Name      | Operation| DSP| FF| LUT| Bitwidth P0| Bitwidth P1|
    +-------------------------+----------+----+---+----+------------+------------+
    |add_ln16_fu_161_p2       |         +|   0|  0|  23|          16|           1|
    |ret_fu_247_p2            |         -|   0|  0|  20|          13|          13|
    |sub_ln1364_1_fu_287_p2   |         -|   0|  0|  19|           1|          12|
    |sub_ln1364_fu_261_p2     |         -|   0|  0|  20|           1|          13|
    |icmp_ln16_fu_167_p2      |      icmp|   0|  0|  13|          16|          16|
    |icmp_ln878_fu_201_p2     |      icmp|   0|  0|  12|          12|          12|
    |icmp_ln886_fu_195_p2     |      icmp|   0|  0|  12|          12|          12|
    |amplitude                |    select|   0|  0|  12|           1|          12|
    |min_val_V_1_fu_207_p3    |    select|   0|  0|  12|           1|          12|
    |min_val_V_2_fu_215_p3    |    select|   0|  0|  12|           1|          12|
    |offset_V_2_fu_231_p3     |    select|   0|  0|  20|           1|          20|
    |val_V_2_fu_223_p3        |    select|   0|  0|  12|           1|          12|
    |ap_enable_pp0            |       xor|   0|  0|   2|           1|           2|
    |ap_enable_reg_pp0_iter1  |       xor|   0|  0|   2|           2|           1|
    +-------------------------+----------+----+---+----+------------+------------+
    |Total                    |          |   0|  0| 191|          79|         150|
    +-------------------------+----------+----+---+----+------------+------------+

    * Multiplexer: 
    +-------------------------+----+-----------+-----+-----------+
    |           Name          | LUT| Input Size| Bits| Total Bits|
    +-------------------------+----+-----------+-----+-----------+
    |ap_NS_fsm                |  20|          4|    1|          4|
    |ap_enable_reg_pp0_iter1  |  14|          3|    1|          3|
    |i_reg_113                |   9|          2|   16|         32|
    |max_offset_V_reg_124     |   9|          2|   20|         40|
    |max_val_V_reg_137        |   9|          2|   12|         24|
    |min_val_V_reg_149        |   9|          2|   12|         24|
    +-------------------------+----+-----------+-----+-----------+
    |Total                    |  70|         15|   62|        127|
    +-------------------------+----+-----------+-----+-----------+

    * Register: 
    +-------------------------+----+----+-----+-----------+
    |           Name          | FF | LUT| Bits| Const Bits|
    +-------------------------+----+----+-----+-----------+
    |ap_CS_fsm                |   3|   0|    3|          0|
    |ap_enable_reg_pp0_iter0  |   1|   0|    1|          0|
    |ap_enable_reg_pp0_iter1  |   1|   0|    1|          0|
    |i_reg_113                |  16|   0|   16|          0|
    |icmp_ln16_reg_312        |   1|   0|    1|          0|
    |max_offset_V_reg_124     |  20|   0|   20|          0|
    |max_val_V_reg_137        |  12|   0|   12|          0|
    |min_val_V_reg_149        |  12|   0|   12|          0|
    +-------------------------+----+----+-----+-----------+
    |Total                    |  66|   0|   66|          0|
    +-------------------------+----+----+-----+-----------+



================================================================
== Interface
================================================================
* Summary: 
+------------------+-----+-----+------------+-----------------+--------------+
|     RTL Ports    | Dir | Bits|  Protocol  |  Source Object  |    C Type    |
+------------------+-----+-----+------------+-----------------+--------------+
|ap_clk            |   in|    1|  ap_ctrl_hs|  SineParamFinder|  return value|
|ap_rst            |   in|    1|  ap_ctrl_hs|  SineParamFinder|  return value|
|ap_start          |   in|    1|  ap_ctrl_hs|  SineParamFinder|  return value|
|ap_done           |  out|    1|  ap_ctrl_hs|  SineParamFinder|  return value|
|ap_idle           |  out|    1|  ap_ctrl_hs|  SineParamFinder|  return value|
|ap_ready          |  out|    1|  ap_ctrl_hs|  SineParamFinder|  return value|
|n_samples         |   in|   16|     ap_none|        n_samples|        scalar|
|samples_address0  |  out|   10|   ap_memory|          samples|         array|
|samples_ce0       |  out|    1|   ap_memory|          samples|         array|
|samples_q0        |   in|   32|   ap_memory|          samples|         array|
|channel           |   in|    4|     ap_none|          channel|        scalar|
|amplitude         |  out|   12|      ap_vld|        amplitude|       pointer|
|amplitude_ap_vld  |  out|    1|      ap_vld|        amplitude|       pointer|
|offset            |  out|   20|      ap_vld|           offset|       pointer|
|offset_ap_vld     |  out|    1|      ap_vld|           offset|       pointer|
+------------------+-----+-----+------------+-----------------+--------------+

