
*** Running vivado
    with args -log MagController_counter_0_0.vds -m64 -product Vivado -mode batch -messageDb vivado.pb -notrace -source MagController_counter_0_0.tcl


****** Vivado v2020.2 (64-bit)
  **** SW Build 3064766 on Wed Nov 18 09:12:47 MST 2020
  **** IP Build 3064653 on Wed Nov 18 14:17:31 MST 2020
    ** Copyright 1986-2020 Xilinx, Inc. All Rights Reserved.

source MagController_counter_0_0.tcl -notrace
INFO: [IP_Flow 19-234] Refreshing IP repositories
INFO: [IP_Flow 19-1700] Loaded user IP repository '/vol/Workspace/Projects/PL-Mag-Sensor/ip'.
INFO: [IP_Flow 19-2313] Loaded Vivado IP repository '/vol/Software/Xilinx/Vivado/2020.2/data/ip'.
Command: synth_design -top MagController_counter_0_0 -part xczu3eg-sbva484-1-i -mode out_of_context
Starting synth_design
WARNING: [Vivado_Tcl 4-393] The 'Synthesis' target of the following IPs are stale, please generate the output products using the generate_target or synth_ip command before running synth_design.
/vol/Workspace/Projects/PL-Mag-Sensor/vivado/PL-Mag-Sensor/PL-Mag-Sensor.srcs/sources_1/bd/MagController/ip/MagController_counter_0_0/MagController_counter_0_0.xci

WARNING: [IP_Flow 19-3571] IP 'MagController_counter_0_0' is restricted:
* Module reference is stale and needs refreshing.
Attempting to get a license for feature 'Synthesis' and/or device 'xczu3eg'
INFO: [Common 17-349] Got license for feature 'Synthesis' and/or device 'xczu3eg'
INFO: [Synth 8-7079] Multithreading enabled for synth_design using a maximum of 4 processes.
INFO: [Synth 8-7078] Launching helper process for spawning children vivado processes
INFO: [Synth 8-7075] Helper process launched with PID 927921
---------------------------------------------------------------------------------
Starting Synthesize : Time (s): cpu = 00:00:04 ; elapsed = 00:00:08 . Memory (MB): peak = 2398.770 ; gain = 0.000 ; free physical = 822 ; free virtual = 18932
---------------------------------------------------------------------------------
INFO: [Synth 8-638] synthesizing module 'MagController_counter_0_0' [/vol/Workspace/Projects/PL-Mag-Sensor/vivado/PL-Mag-Sensor/PL-Mag-Sensor.gen/sources_1/bd/MagController/ip/MagController_counter_0_0/synth/MagController_counter_0_0.vhd:67]
	Parameter n_bits bound to: 20 - type: integer 
	Parameter target bound to: 10 - type: integer 
	Parameter auto_rst bound to: 1'b1 
INFO: [Synth 8-3491] module 'counter' declared at '/vol/Workspace/Projects/PL-Mag-Sensor/src/counter.vhd:34' bound to instance 'U0' of component 'counter' [/vol/Workspace/Projects/PL-Mag-Sensor/vivado/PL-Mag-Sensor/PL-Mag-Sensor.gen/sources_1/bd/MagController/ip/MagController_counter_0_0/synth/MagController_counter_0_0.vhd:102]
INFO: [Synth 8-638] synthesizing module 'counter' [/vol/Workspace/Projects/PL-Mag-Sensor/src/counter.vhd:50]
	Parameter n_bits bound to: 20 - type: integer 
	Parameter target bound to: 10 - type: integer 
	Parameter auto_rst bound to: 1'b1 
ERROR: [Synth 8-26] attribute 'event not implemented [/vol/Workspace/Projects/PL-Mag-Sensor/src/counter.vhd:62]
ERROR: [Synth 8-26] attribute 'event not implemented [/vol/Workspace/Projects/PL-Mag-Sensor/src/counter.vhd:62]
ERROR: [Synth 8-285] failed synthesizing module 'counter' [/vol/Workspace/Projects/PL-Mag-Sensor/src/counter.vhd:50]
ERROR: [Synth 8-285] failed synthesizing module 'MagController_counter_0_0' [/vol/Workspace/Projects/PL-Mag-Sensor/vivado/PL-Mag-Sensor/PL-Mag-Sensor.gen/sources_1/bd/MagController/ip/MagController_counter_0_0/synth/MagController_counter_0_0.vhd:67]
---------------------------------------------------------------------------------
Finished Synthesize : Time (s): cpu = 00:00:05 ; elapsed = 00:00:10 . Memory (MB): peak = 2398.770 ; gain = 0.000 ; free physical = 9113 ; free virtual = 25943
---------------------------------------------------------------------------------
synthesize failed
INFO: [Common 17-83] Releasing license: Synthesis
11 Infos, 2 Warnings, 0 Critical Warnings and 5 Errors encountered.
synth_design failed
ERROR: [Common 17-69] Command failed: Vivado Synthesis failed
INFO: [Common 17-206] Exiting Vivado at Tue Feb  1 14:20:50 2022...
