
*** Running vivado
    with args -log MagController_gain_lut_0_0.vds -m64 -product Vivado -mode batch -messageDb vivado.pb -notrace -source MagController_gain_lut_0_0.tcl


****** Vivado v2020.2 (64-bit)
  **** SW Build 3064766 on Wed Nov 18 09:12:47 MST 2020
  **** IP Build 3064653 on Wed Nov 18 14:17:31 MST 2020
    ** Copyright 1986-2020 Xilinx, Inc. All Rights Reserved.

source MagController_gain_lut_0_0.tcl -notrace
INFO: [IP_Flow 19-234] Refreshing IP repositories
INFO: [IP_Flow 19-1700] Loaded user IP repository '/vol/Workspace/Projects/PL-Mag-Sensor/ip'.
INFO: [IP_Flow 19-2313] Loaded Vivado IP repository '/vol/Software/Xilinx/Vivado/2020.2/data/ip'.
Command: synth_design -top MagController_gain_lut_0_0 -part xczu3eg-sbva484-1-i -mode out_of_context
Starting synth_design
WARNING: [IP_Flow 19-3571] IP 'MagController_gain_lut_0_0' is restricted:
* Module reference is stale and needs refreshing.
Attempting to get a license for feature 'Synthesis' and/or device 'xczu3eg'
INFO: [Common 17-349] Got license for feature 'Synthesis' and/or device 'xczu3eg'
INFO: [Synth 8-7079] Multithreading enabled for synth_design using a maximum of 4 processes.
INFO: [Synth 8-7078] Launching helper process for spawning children vivado processes
INFO: [Synth 8-7075] Helper process launched with PID 928456
---------------------------------------------------------------------------------
Starting Synthesize : Time (s): cpu = 00:00:04 ; elapsed = 00:00:08 . Memory (MB): peak = 2386.762 ; gain = 0.000 ; free physical = 383 ; free virtual = 17291
---------------------------------------------------------------------------------
INFO: [Synth 8-638] synthesizing module 'MagController_gain_lut_0_0' [/vol/Workspace/Projects/PL-Mag-Sensor/vivado/PL-Mag-Sensor/PL-Mag-Sensor.gen/sources_1/bd/MagController/ip/MagController_gain_lut_0_0/synth/MagController_gain_lut_0_0.vhd:68]
	Parameter bf_addr_n_bits bound to: 8 - type: integer 
INFO: [Synth 8-3491] module 'gain_lut' declared at '/vol/Workspace/Projects/PL-Mag-Sensor/src/gain_lut.vhd:34' bound to instance 'U0' of component 'gain_lut' [/vol/Workspace/Projects/PL-Mag-Sensor/vivado/PL-Mag-Sensor/PL-Mag-Sensor.gen/sources_1/bd/MagController/ip/MagController_gain_lut_0_0/synth/MagController_gain_lut_0_0.vhd:99]
INFO: [Synth 8-638] synthesizing module 'gain_lut' [/vol/Workspace/Projects/PL-Mag-Sensor/src/gain_lut.vhd:52]
	Parameter bf_addr_n_bits bound to: 8 - type: integer 
INFO: [Synth 8-256] done synthesizing module 'gain_lut' (1#1) [/vol/Workspace/Projects/PL-Mag-Sensor/src/gain_lut.vhd:52]
INFO: [Synth 8-256] done synthesizing module 'MagController_gain_lut_0_0' (2#1) [/vol/Workspace/Projects/PL-Mag-Sensor/vivado/PL-Mag-Sensor/PL-Mag-Sensor.gen/sources_1/bd/MagController/ip/MagController_gain_lut_0_0/synth/MagController_gain_lut_0_0.vhd:68]
---------------------------------------------------------------------------------
Finished Synthesize : Time (s): cpu = 00:00:05 ; elapsed = 00:00:09 . Memory (MB): peak = 2386.762 ; gain = 0.000 ; free physical = 7045 ; free virtual = 23875
---------------------------------------------------------------------------------
---------------------------------------------------------------------------------
Finished Constraint Validation : Time (s): cpu = 00:00:06 ; elapsed = 00:00:10 . Memory (MB): peak = 2386.762 ; gain = 0.000 ; free physical = 10037 ; free virtual = 26869
---------------------------------------------------------------------------------
---------------------------------------------------------------------------------
Start Loading Part and Timing Information
---------------------------------------------------------------------------------
Loading part: xczu3eg-sbva484-1-i
INFO: [Synth 8-6742] Reading net delay rules and data
---------------------------------------------------------------------------------
Finished Loading Part and Timing Information : Time (s): cpu = 00:00:06 ; elapsed = 00:00:10 . Memory (MB): peak = 2394.520 ; gain = 7.758 ; free physical = 10187 ; free virtual = 27020
---------------------------------------------------------------------------------
---------------------------------------------------------------------------------
INFO: [Device 21-403] Loading part xczu3eg-sbva484-1-i
Finished RTL Optimization Phase 2 : Time (s): cpu = 00:00:06 ; elapsed = 00:00:10 . Memory (MB): peak = 2394.520 ; gain = 7.758 ; free physical = 10940 ; free virtual = 27775
---------------------------------------------------------------------------------
No constraint files found.
---------------------------------------------------------------------------------
Start RTL Component Statistics 
---------------------------------------------------------------------------------
Detailed RTL Component Info : 
---------------------------------------------------------------------------------
Finished RTL Component Statistics 
---------------------------------------------------------------------------------
---------------------------------------------------------------------------------
Start Part Resource Summary
---------------------------------------------------------------------------------
Part Resources:
DSPs: 360 (col length:72)
BRAMs: 432 (col length: RAMB18 72 RAMB36 36)
---------------------------------------------------------------------------------
Finished Part Resource Summary
---------------------------------------------------------------------------------
No constraint files found.
---------------------------------------------------------------------------------
Start Cross Boundary and Area Optimization
---------------------------------------------------------------------------------
---------------------------------------------------------------------------------
Finished Cross Boundary and Area Optimization : Time (s): cpu = 00:00:12 ; elapsed = 00:00:20 . Memory (MB): peak = 2846.918 ; gain = 460.156 ; free physical = 20406 ; free virtual = 37381
---------------------------------------------------------------------------------
No constraint files found.
---------------------------------------------------------------------------------
Start Timing Optimization
---------------------------------------------------------------------------------
---------------------------------------------------------------------------------
Finished Timing Optimization : Time (s): cpu = 00:00:12 ; elapsed = 00:00:20 . Memory (MB): peak = 2846.918 ; gain = 460.156 ; free physical = 20374 ; free virtual = 37360
---------------------------------------------------------------------------------
---------------------------------------------------------------------------------
Start Technology Mapping
---------------------------------------------------------------------------------
---------------------------------------------------------------------------------
Finished Technology Mapping : Time (s): cpu = 00:00:12 ; elapsed = 00:00:20 . Memory (MB): peak = 2846.918 ; gain = 460.156 ; free physical = 20386 ; free virtual = 37362
---------------------------------------------------------------------------------
---------------------------------------------------------------------------------
Start IO Insertion
---------------------------------------------------------------------------------
---------------------------------------------------------------------------------
Start Flattening Before IO Insertion
---------------------------------------------------------------------------------
---------------------------------------------------------------------------------
Finished Flattening Before IO Insertion
---------------------------------------------------------------------------------
---------------------------------------------------------------------------------
Start Final Netlist Cleanup
---------------------------------------------------------------------------------
---------------------------------------------------------------------------------
Finished Final Netlist Cleanup
---------------------------------------------------------------------------------
---------------------------------------------------------------------------------
Finished IO Insertion : Time (s): cpu = 00:00:15 ; elapsed = 00:00:23 . Memory (MB): peak = 2846.918 ; gain = 460.156 ; free physical = 20633 ; free virtual = 37610
---------------------------------------------------------------------------------
---------------------------------------------------------------------------------
Start Renaming Generated Instances
---------------------------------------------------------------------------------
---------------------------------------------------------------------------------
Finished Renaming Generated Instances : Time (s): cpu = 00:00:15 ; elapsed = 00:00:23 . Memory (MB): peak = 2846.918 ; gain = 460.156 ; free physical = 20633 ; free virtual = 37610
---------------------------------------------------------------------------------
---------------------------------------------------------------------------------
Start Rebuilding User Hierarchy
---------------------------------------------------------------------------------
---------------------------------------------------------------------------------
Finished Rebuilding User Hierarchy : Time (s): cpu = 00:00:15 ; elapsed = 00:00:23 . Memory (MB): peak = 2846.918 ; gain = 460.156 ; free physical = 20633 ; free virtual = 37610
---------------------------------------------------------------------------------
---------------------------------------------------------------------------------
Start Renaming Generated Ports
---------------------------------------------------------------------------------
---------------------------------------------------------------------------------
Finished Renaming Generated Ports : Time (s): cpu = 00:00:15 ; elapsed = 00:00:23 . Memory (MB): peak = 2846.918 ; gain = 460.156 ; free physical = 20633 ; free virtual = 37610
---------------------------------------------------------------------------------
---------------------------------------------------------------------------------
Start Handling Custom Attributes
---------------------------------------------------------------------------------
---------------------------------------------------------------------------------
Finished Handling Custom Attributes : Time (s): cpu = 00:00:15 ; elapsed = 00:00:23 . Memory (MB): peak = 2846.918 ; gain = 460.156 ; free physical = 20633 ; free virtual = 37610
---------------------------------------------------------------------------------
---------------------------------------------------------------------------------
Start Renaming Generated Nets
---------------------------------------------------------------------------------
---------------------------------------------------------------------------------
Finished Renaming Generated Nets : Time (s): cpu = 00:00:15 ; elapsed = 00:00:23 . Memory (MB): peak = 2846.918 ; gain = 460.156 ; free physical = 20633 ; free virtual = 37610
---------------------------------------------------------------------------------
---------------------------------------------------------------------------------
Start Writing Synthesis Report
---------------------------------------------------------------------------------

Report BlackBoxes: 
+-+--------------+----------+
| |BlackBox name |Instances |
+-+--------------+----------+
+-+--------------+----------+

Report Cell Usage: 
+-+-----+------+
| |Cell |Count |
+-+-----+------+
+-+-----+------+

Report Instance Areas: 
+------+---------+-------+------+
|      |Instance |Module |Cells |
+------+---------+-------+------+
|1     |top      |       |     0|
+------+---------+-------+------+
---------------------------------------------------------------------------------
Finished Writing Synthesis Report : Time (s): cpu = 00:00:15 ; elapsed = 00:00:23 . Memory (MB): peak = 2846.918 ; gain = 460.156 ; free physical = 20633 ; free virtual = 37609
---------------------------------------------------------------------------------
Synthesis finished with 0 errors, 0 critical warnings and 0 warnings.
Synthesis Optimization Runtime : Time (s): cpu = 00:00:15 ; elapsed = 00:00:23 . Memory (MB): peak = 2846.918 ; gain = 460.156 ; free physical = 20630 ; free virtual = 37607
Synthesis Optimization Complete : Time (s): cpu = 00:00:15 ; elapsed = 00:00:23 . Memory (MB): peak = 2846.926 ; gain = 460.156 ; free physical = 20630 ; free virtual = 37607
INFO: [Project 1-571] Translating synthesized netlist
Netlist sorting complete. Time (s): cpu = 00:00:00 ; elapsed = 00:00:00 . Memory (MB): peak = 2846.926 ; gain = 0.000 ; free physical = 20709 ; free virtual = 37686
INFO: [Project 1-570] Preparing netlist for logic optimization
INFO: [Opt 31-138] Pushed 0 inverter(s) to 0 load pin(s).
Netlist sorting complete. Time (s): cpu = 00:00:00 ; elapsed = 00:00:00 . Memory (MB): peak = 2846.926 ; gain = 0.000 ; free physical = 21200 ; free virtual = 38188
INFO: [Project 1-111] Unisim Transformation Summary:
No Unisim elements were transformed.

INFO: [Common 17-83] Releasing license: Synthesis
19 Infos, 1 Warnings, 0 Critical Warnings and 0 Errors encountered.
synth_design completed successfully
synth_design: Time (s): cpu = 00:00:22 ; elapsed = 00:00:26 . Memory (MB): peak = 2846.926 ; gain = 460.410 ; free physical = 21394 ; free virtual = 38383
INFO: [Timing 38-35] Done setting XDC timing constraints.
INFO: [Common 17-1381] The checkpoint '/vol/Workspace/Projects/PL-Mag-Sensor/vivado/PL-Mag-Sensor/PL-Mag-Sensor.runs/MagController_gain_lut_0_0_synth_1/MagController_gain_lut_0_0.dcp' has been generated.
WARNING: [Common 17-576] 'use_project_ipc' is deprecated. This option is deprecated and no longer used.
INFO: [Common 17-1381] The checkpoint '/vol/Workspace/Projects/PL-Mag-Sensor/vivado/PL-Mag-Sensor/PL-Mag-Sensor.runs/MagController_gain_lut_0_0_synth_1/MagController_gain_lut_0_0.dcp' has been generated.
INFO: [runtcl-4] Executing : report_utilization -file MagController_gain_lut_0_0_utilization_synth.rpt -pb MagController_gain_lut_0_0_utilization_synth.pb
INFO: [Common 17-206] Exiting Vivado at Tue Feb  1 14:21:11 2022...
